[ 2025-02-17 00:06:24,895 ] 1025 httpx - INFO - HTTP Request: GET https://dagshub.com/api/v1/user "HTTP/1.1 200 OK"
[ 2025-02-17 00:06:24,900 ] 107 dagshub - INFO - Accessing as debaraj.barpujari.26
[ 2025-02-17 00:06:25,362 ] 1025 httpx - INFO - HTTP Request: GET https://dagshub.com/api/v1/repos/debaraj.barpujari.26/E2E_Data_Science_Project_2 "HTTP/1.1 200 OK"
[ 2025-02-17 00:06:25,783 ] 1025 httpx - INFO - HTTP Request: GET https://dagshub.com/api/v1/user "HTTP/1.1 200 OK"
[ 2025-02-17 00:06:25,785 ] 107 dagshub - INFO - Initialized MLflow to track repo "debaraj.barpujari.26/E2E_Data_Science_Project_2"
[ 2025-02-17 00:06:25,785 ] 107 dagshub - INFO - Repository debaraj.barpujari.26/E2E_Data_Science_Project_2 initialized!
[ 2025-02-17 00:06:25,786 ] 18 root - INFO - Initiate the data ingestion
[ 2025-02-17 00:06:27,275 ] 65 root - INFO - Performed train test split on the dataframe
[ 2025-02-17 00:06:27,275 ] 67 root - INFO - Exited split_data_as_train_test method of Data_Ingestion class
[ 2025-02-17 00:06:27,276 ] 75 root - INFO - Exporting train and test file path.
[ 2025-02-17 00:06:27,318 ] 84 root - INFO - Exported train and test file path.
[ 2025-02-17 00:06:27,318 ] 20 root - INFO - Data Initiation Completed
[ 2025-02-17 00:06:27,325 ] 25 root - INFO - Initiate the data Validation
[ 2025-02-17 00:06:27,369 ] 32 root - INFO - Required number of columns:2
[ 2025-02-17 00:06:27,369 ] 33 root - INFO - Data frame has columns:31
[ 2025-02-17 00:06:27,369 ] 32 root - INFO - Required number of columns:2
[ 2025-02-17 00:06:27,369 ] 33 root - INFO - Data frame has columns:31
[ 2025-02-17 00:06:27,474 ] 27 root - INFO - Data Validation Completed
[ 2025-02-17 00:06:27,474 ] 31 root - INFO - Data Transformation started
[ 2025-02-17 00:06:27,474 ] 63 root - INFO - Entered initiate_data_transformation method of DataTransformation class
[ 2025-02-17 00:06:27,474 ] 65 root - INFO - Starting data transformation
[ 2025-02-17 00:06:27,489 ] 48 root - INFO - Entered get_data_trnasformer_object method of Trnasformation class
[ 2025-02-17 00:06:27,490 ] 53 root - INFO - Initialise KNNImputer with {'missing_values': nan, 'n_neighbors': 3, 'weights': 'uniform'}
[ 2025-02-17 00:06:27,499 ] 46 root - INFO - Entered the save_object method of MainUtils class
[ 2025-02-17 00:06:27,500 ] 50 root - INFO - Exited the save_object method of MainUtils class
[ 2025-02-17 00:06:27,500 ] 46 root - INFO - Entered the save_object method of MainUtils class
[ 2025-02-17 00:06:27,503 ] 50 root - INFO - Exited the save_object method of MainUtils class
[ 2025-02-17 00:06:27,504 ] 35 root - INFO - Data Transformation completed
[ 2025-02-17 00:06:27,504 ] 37 root - INFO - Model Training stared
[ 2025-02-17 00:10:13,923 ] 46 root - INFO - Entered the save_object method of MainUtils class
[ 2025-02-17 00:10:13,924 ] 50 root - INFO - Exited the save_object method of MainUtils class
[ 2025-02-17 00:10:13,924 ] 46 root - INFO - Entered the save_object method of MainUtils class
[ 2025-02-17 00:10:13,941 ] 50 root - INFO - Exited the save_object method of MainUtils class
[ 2025-02-17 00:10:13,941 ] 150 root - INFO - Model trainer artifact: ModelTrainerArtifact(trained_model_file_path='Artifacts\\02_17_2025_00_06_21\\model_trainer\\trained_model\\model.pkl', train_metric_artifact=ClassificationMetricArtifact(f1_score=0.9911845171749925, precision_score=0.9902814334885605, recall_score=0.9920892494929006), test_metric_artifact=ClassificationMetricArtifact(f1_score=0.974566007266855, precision_score=0.9656, recall_score=0.9837000814995925))
[ 2025-02-17 00:10:13,942 ] 41 root - INFO - Model Training artifact created
