[ 2025-02-16 20:18:00,180 ] 1025 httpx - INFO - HTTP Request: GET https://dagshub.com/api/v1/user "HTTP/1.1 200 OK"
[ 2025-02-16 20:18:00,184 ] 107 dagshub - INFO - Accessing as debaraj.barpujari.26
[ 2025-02-16 20:18:00,641 ] 1025 httpx - INFO - HTTP Request: GET https://dagshub.com/api/v1/repos/debaraj.barpujari.26/E2E_Data_Science_Project_2 "HTTP/1.1 200 OK"
[ 2025-02-16 20:18:01,078 ] 1025 httpx - INFO - HTTP Request: GET https://dagshub.com/api/v1/user "HTTP/1.1 200 OK"
[ 2025-02-16 20:18:01,081 ] 107 dagshub - INFO - Initialized MLflow to track repo "debaraj.barpujari.26/E2E_Data_Science_Project_2"
[ 2025-02-16 20:18:01,082 ] 107 dagshub - INFO - Repository debaraj.barpujari.26/E2E_Data_Science_Project_2 initialized!
[ 2025-02-16 20:18:01,083 ] 18 root - INFO - Initiate the data ingestion
[ 2025-02-16 20:18:02,711 ] 65 root - INFO - Performed train test split on the dataframe
[ 2025-02-16 20:18:02,711 ] 67 root - INFO - Exited split_data_as_train_test method of Data_Ingestion class
[ 2025-02-16 20:18:02,712 ] 75 root - INFO - Exporting train and test file path.
[ 2025-02-16 20:18:02,756 ] 84 root - INFO - Exported train and test file path.
[ 2025-02-16 20:18:02,757 ] 20 root - INFO - Data Initiation Completed
[ 2025-02-16 20:18:02,762 ] 25 root - INFO - Initiate the data Validation
[ 2025-02-16 20:18:02,807 ] 32 root - INFO - Required number of columns:2
[ 2025-02-16 20:18:02,807 ] 33 root - INFO - Data frame has columns:31
[ 2025-02-16 20:18:02,807 ] 32 root - INFO - Required number of columns:2
[ 2025-02-16 20:18:02,807 ] 33 root - INFO - Data frame has columns:31
[ 2025-02-16 20:18:02,919 ] 27 root - INFO - Data Validation Completed
[ 2025-02-16 20:18:02,919 ] 31 root - INFO - Data Transformation started
[ 2025-02-16 20:18:02,920 ] 63 root - INFO - Entered initiate_data_transformation method of DataTransformation class
[ 2025-02-16 20:18:02,920 ] 65 root - INFO - Starting data transformation
[ 2025-02-16 20:18:02,938 ] 48 root - INFO - Entered get_data_trnasformer_object method of Trnasformation class
[ 2025-02-16 20:18:02,938 ] 53 root - INFO - Initialise KNNImputer with {'missing_values': nan, 'n_neighbors': 3, 'weights': 'uniform'}
[ 2025-02-16 20:18:02,947 ] 46 root - INFO - Entered the save_object method of MainUtils class
[ 2025-02-16 20:18:02,950 ] 50 root - INFO - Exited the save_object method of MainUtils class
[ 2025-02-16 20:18:02,950 ] 46 root - INFO - Entered the save_object method of MainUtils class
[ 2025-02-16 20:18:02,953 ] 50 root - INFO - Exited the save_object method of MainUtils class
[ 2025-02-16 20:18:02,954 ] 35 root - INFO - Data Transformation completed
[ 2025-02-16 20:18:02,954 ] 37 root - INFO - Model Training stared
[ 2025-02-16 20:21:20,661 ] 46 root - INFO - Entered the save_object method of MainUtils class
[ 2025-02-16 20:21:20,662 ] 50 root - INFO - Exited the save_object method of MainUtils class
[ 2025-02-16 20:21:20,662 ] 46 root - INFO - Entered the save_object method of MainUtils class
[ 2025-02-16 20:21:20,666 ] 50 root - INFO - Exited the save_object method of MainUtils class
[ 2025-02-16 20:21:20,666 ] 150 root - INFO - Model trainer artifact: ModelTrainerArtifact(trained_model_file_path='Artifacts\\02_16_2025_20_17_56\\model_trainer\\trained_model\\model.pkl', train_metric_artifact=ClassificationMetricArtifact(f1_score=0.9914910858995137, precision_score=0.9882875605815832, recall_score=0.9947154471544716), test_metric_artifact=ClassificationMetricArtifact(f1_score=0.9719775820656525, precision_score=0.9627279936558287, recall_score=0.9814066289409863))
[ 2025-02-16 20:21:20,667 ] 41 root - INFO - Model Training artifact created
