[ 2025-02-16 19:59:57,454 ] 1025 httpx - INFO - HTTP Request: POST https://dagshub.com/login/oauth/middleman "HTTP/1.1 200 OK"
[ 2025-02-16 19:59:57,919 ] 1025 httpx - INFO - HTTP Request: POST https://dagshub.com/login/oauth/access_token "HTTP/1.1 200 OK"
[ 2025-02-16 19:59:58,356 ] 1025 httpx - INFO - HTTP Request: GET https://dagshub.com/api/v1/user "HTTP/1.1 200 OK"
[ 2025-02-16 19:59:58,359 ] 107 dagshub - INFO - Accessing as debaraj.barpujari.26
[ 2025-02-16 19:59:58,854 ] 1025 httpx - INFO - HTTP Request: GET https://dagshub.com/api/v1/repos/debaraj.barpujari.26/E2E_Data_Science_Project_2 "HTTP/1.1 200 OK"
[ 2025-02-16 19:59:59,289 ] 1025 httpx - INFO - HTTP Request: GET https://dagshub.com/api/v1/user "HTTP/1.1 200 OK"
[ 2025-02-16 19:59:59,290 ] 107 dagshub - INFO - Initialized MLflow to track repo "debaraj.barpujari.26/E2E_Data_Science_Project_2"
[ 2025-02-16 19:59:59,290 ] 107 dagshub - INFO - Repository debaraj.barpujari.26/E2E_Data_Science_Project_2 initialized!
[ 2025-02-16 19:59:59,290 ] 18 root - INFO - Initiate the data ingestion
[ 2025-02-16 20:00:00,932 ] 65 root - INFO - Performed train test split on the dataframe
[ 2025-02-16 20:00:00,932 ] 67 root - INFO - Exited split_data_as_train_test method of Data_Ingestion class
[ 2025-02-16 20:00:00,932 ] 75 root - INFO - Exporting train and test file path.
[ 2025-02-16 20:00:00,980 ] 84 root - INFO - Exported train and test file path.
[ 2025-02-16 20:00:00,980 ] 20 root - INFO - Data Initiation Completed
[ 2025-02-16 20:00:00,987 ] 25 root - INFO - Initiate the data Validation
[ 2025-02-16 20:00:01,033 ] 32 root - INFO - Required number of columns:2
[ 2025-02-16 20:00:01,033 ] 33 root - INFO - Data frame has columns:31
[ 2025-02-16 20:00:01,033 ] 32 root - INFO - Required number of columns:2
[ 2025-02-16 20:00:01,033 ] 33 root - INFO - Data frame has columns:31
[ 2025-02-16 20:00:01,160 ] 27 root - INFO - Data Validation Completed
[ 2025-02-16 20:00:01,161 ] 31 root - INFO - Data Transformation started
[ 2025-02-16 20:00:01,161 ] 63 root - INFO - Entered initiate_data_transformation method of DataTransformation class
[ 2025-02-16 20:00:01,161 ] 65 root - INFO - Starting data transformation
[ 2025-02-16 20:00:01,180 ] 48 root - INFO - Entered get_data_trnasformer_object method of Trnasformation class
[ 2025-02-16 20:00:01,180 ] 53 root - INFO - Initialise KNNImputer with {'missing_values': nan, 'n_neighbors': 3, 'weights': 'uniform'}
[ 2025-02-16 20:00:01,190 ] 46 root - INFO - Entered the save_object method of MainUtils class
[ 2025-02-16 20:00:01,192 ] 50 root - INFO - Exited the save_object method of MainUtils class
[ 2025-02-16 20:00:01,192 ] 46 root - INFO - Entered the save_object method of MainUtils class
[ 2025-02-16 20:00:01,194 ] 50 root - INFO - Exited the save_object method of MainUtils class
[ 2025-02-16 20:00:01,195 ] 35 root - INFO - Data Transformation completed
[ 2025-02-16 20:00:01,195 ] 37 root - INFO - Model Training stared
[ 2025-02-16 20:03:20,001 ] 46 root - INFO - Entered the save_object method of MainUtils class
[ 2025-02-16 20:03:20,002 ] 50 root - INFO - Exited the save_object method of MainUtils class
[ 2025-02-16 20:03:20,002 ] 46 root - INFO - Entered the save_object method of MainUtils class
[ 2025-02-16 20:03:20,007 ] 50 root - INFO - Exited the save_object method of MainUtils class
[ 2025-02-16 20:03:20,007 ] 150 root - INFO - Model trainer artifact: ModelTrainerArtifact(trained_model_file_path='Artifacts\\02_16_2025_19_59_45\\model_trainer\\trained_model\\model.pkl', train_metric_artifact=ClassificationMetricArtifact(f1_score=0.9913758523866827, precision_score=0.9876123876123876, recall_score=0.9951681095228508), test_metric_artifact=ClassificationMetricArtifact(f1_score=0.9759136212624585, precision_score=0.964696223316913, recall_score=0.9873949579831933))
[ 2025-02-16 20:03:20,008 ] 41 root - INFO - Model Training artifact created
